<?xml version="1.0" encoding="UTF-8"?>
<!-- Generated by org.testng.reporters.JUnitReportReporter -->
<testsuite hostname="AkshayHP" failures="0" tests="1" name="testnpractice.TC001_VerifyLoginFunctionality" time="27.399" errors="0" timestamp="2024-04-28T23:48:04 IST" skipped="0">
  <testcase classname="testnpractice.TC001_VerifyLoginFunctionality" name="login_function" time="27.399"/>
  <system-out/>
</testsuite> <!-- testnpractice.TC001_VerifyLoginFunctionality -->
