<?xml version="1.0" encoding="UTF-8"?>
<!-- Generated by org.testng.reporters.JUnitReportReporter -->
<testsuite hostname="AkshayHP" failures="0" tests="1" name="testnpractice.loginfunctionality" time="24.489" errors="0" timestamp="2024-04-28T23:48:04 IST" skipped="0">
  <testcase classname="testnpractice.loginfunctionality" name="checkpoint" time="24.489"/>
  <system-out/>
</testsuite> <!-- testnpractice.loginfunctionality -->
