<?xml version="1.0" encoding="UTF-8"?>
<!-- Generated by org.testng.reporters.JUnitReportReporter -->
<testsuite hostname="AkshayHP" failures="0" tests="1" name="testnpractice.TC002_verifyaddtocart" time="43.990" errors="0" timestamp="2024-04-28T23:48:04 IST" skipped="0">
  <testcase classname="testnpractice.TC002_verifyaddtocart" name="addtocart" time="43.990"/>
  <system-out/>
</testsuite> <!-- testnpractice.TC002_verifyaddtocart -->
